============================= test session starts ==============================
platform linux -- Python 3.11.15, pytest-9.1.1, pluggy-1.6.0 -- /usr/bin/python3
cachedir: .pytest_cache
rootdir: /home/claude/Week7_SoundAccess_OAuth_API
configfile: pytest.ini
testpaths: tests
plugins: anyio-4.13.0
collecting ... collected 55 items

tests/test_scenarios.py::TestScenario1AuthorizationCodePKCE::test_full_flow_grants_access_to_protected_api PASSED [  1%]
tests/test_scenarios.py::TestScenario1AuthorizationCodePKCE::test_token_contains_required_claims PASSED [  3%]
tests/test_scenarios.py::TestScenario2ClientCredentials::test_service_client_gets_token_and_reads_catalog PASSED [  5%]
tests/test_scenarios.py::TestScenario2ClientCredentials::test_service_token_represents_the_client_not_a_user PASSED [  7%]
tests/test_scenarios.py::TestScenario3NoToken::test_all_protected_endpoints_return_401 PASSED [  9%]
tests/test_scenarios.py::TestScenario3NoToken::test_401_carries_www_authenticate PASSED [ 10%]
tests/test_scenarios.py::TestScenario4InvalidTokens::test_malformed_token PASSED [ 12%]
tests/test_scenarios.py::TestScenario4InvalidTokens::test_wrong_signature PASSED [ 14%]
tests/test_scenarios.py::TestScenario4InvalidTokens::test_expired_token PASSED [ 16%]
tests/test_scenarios.py::TestScenario4InvalidTokens::test_wrong_issuer PASSED [ 18%]
tests/test_scenarios.py::TestScenario4InvalidTokens::test_wrong_audience PASSED [ 20%]
tests/test_scenarios.py::TestScenario5InsufficientScope::test_catalog_only_token_cannot_read_profile PASSED [ 21%]
tests/test_scenarios.py::TestScenario5InsufficientScope::test_catalog_only_token_cannot_write_playlists PASSED [ 23%]
tests/test_scenarios.py::TestScenario6ResourceOwnership::test_user_b_cannot_read_or_delete_user_a_playlist PASSED [ 25%]
tests/test_security.py::TestAuthorizeHardening::test_unregistered_redirect_uri_never_redirects PASSED [ 27%]
tests/test_security.py::TestAuthorizeHardening::test_unknown_client_never_redirects PASSED [ 29%]
tests/test_security.py::TestAuthorizeHardening::test_invalid_scope_redirects_with_error PASSED [ 30%]
tests/test_security.py::TestAuthorizeHardening::test_pkce_plain_method_is_rejected PASSED [ 32%]
tests/test_security.py::TestAuthorizeHardening::test_missing_code_challenge_is_rejected PASSED [ 34%]
tests/test_security.py::TestAuthorizeHardening::test_wrong_password_does_not_issue_code PASSED [ 36%]
tests/test_security.py::TestAuthorizeHardening::test_deny_redirects_with_access_denied PASSED [ 38%]
tests/test_security.py::TestTokenHardening::test_invalid_pkce_verifier_rejected PASSED [ 40%]
tests/test_security.py::TestTokenHardening::test_authorization_code_is_single_use PASSED [ 41%]
tests/test_security.py::TestTokenHardening::test_expired_authorization_code_rejected PASSED [ 43%]
tests/test_security.py::TestTokenHardening::test_redirect_uri_mismatch_at_token_rejected PASSED [ 45%]
tests/test_security.py::TestTokenHardening::test_wrong_client_secret_is_401 PASSED [ 47%]
tests/test_security.py::TestTokenHardening::test_service_client_cannot_escalate_scope PASSED [ 49%]
tests/test_security.py::TestTokenHardening::test_ropc_rejected_for_a_client_not_authorized_for_it PASSED [ 50%]
tests/test_security.py::TestTokenHardening::test_ropc_rejected_without_client_authentication PASSED [ 52%]
tests/test_security.py::TestJwtHardening::test_alg_none_token_rejected PASSED [ 54%]
tests/test_security.py::TestJwtHardening::test_missing_required_claims_rejected PASSED [ 56%]
tests/test_security.py::TestJwtHardening::test_token_in_query_string_is_not_accepted PASSED [ 58%]
tests/test_security.py::TestJwtHardening::test_service_token_cannot_access_user_profile PASSED [ 60%]
tests/test_security.py::TestRegistrationAndInput::test_client_registration_requires_admin_key PASSED [ 61%]
tests/test_security.py::TestRegistrationAndInput::test_confidential_registration_returns_secret_once_hashed_in_db PASSED [ 63%]
tests/test_security.py::TestRegistrationAndInput::test_sql_injection_style_input_is_harmless PASSED [ 65%]
tests/test_security.py::TestRegistrationAndInput::test_invalid_payload_is_422_without_stack_trace PASSED [ 67%]
tests/test_security.py::TestRegistrationAndInput::test_invalid_playlist_id_format_rejected PASSED [ 69%]
tests/test_security.py::TestRegistrationAndInput::test_nonexistent_playlist_is_404 PASSED [ 70%]
tests/test_task3_ropc_pkce.py::TestTask3RopcA1ValidRequest::test_a1_valid_ropc_returns_200_with_usable_token_and_correct_scopes PASSED [ 72%]
tests/test_task3_ropc_pkce.py::TestTask3RopcA2InvalidCredentialsOrClient::test_a2_wrong_password_is_invalid_grant PASSED [ 74%]
tests/test_task3_ropc_pkce.py::TestTask3RopcA2InvalidCredentialsOrClient::test_a2_unknown_username_is_the_same_invalid_grant PASSED [ 76%]
tests/test_task3_ropc_pkce.py::TestTask3RopcA2InvalidCredentialsOrClient::test_a2_wrong_client_secret_is_invalid_client PASSED [ 78%]
tests/test_task3_ropc_pkce.py::TestTask3RopcA2InvalidCredentialsOrClient::test_a2_ropc_rejected_for_a_client_not_authorized_for_it PASSED [ 80%]
tests/test_task3_ropc_pkce.py::TestTask3RopcA2InvalidCredentialsOrClient::test_a2_missing_fields_is_invalid_request PASSED [ 81%]
tests/test_task3_ropc_pkce.py::TestTask3RopcA3ProtectedResourceFailures::test_a3_missing_token_is_401 PASSED [ 83%]
tests/test_task3_ropc_pkce.py::TestTask3RopcA3ProtectedResourceFailures::test_a3_expired_ropc_token_is_401 PASSED [ 85%]
tests/test_task3_ropc_pkce.py::TestTask3RopcA3ProtectedResourceFailures::test_a3_altered_token_signature_is_401 PASSED [ 87%]
tests/test_task3_ropc_pkce.py::TestTask3RopcA3ProtectedResourceFailures::test_a3_insufficient_scope_is_403 PASSED [ 89%]
tests/test_task3_ropc_pkce.py::TestTask3PkceB1ValidFlow::test_b1_login_consent_client_scopes_state_redirect_all_validated PASSED [ 90%]
tests/test_task3_ropc_pkce.py::TestTask3PkceB2InvalidRedirect::test_b2_unregistered_redirect_uri_rejected_no_redirection PASSED [ 92%]
tests/test_task3_ropc_pkce.py::TestTask3PkceB3InvalidVerifier::test_b3_incorrect_code_verifier_is_400_invalid_grant PASSED [ 94%]
tests/test_task3_ropc_pkce.py::TestTask3PkceB4CodeReuse::test_b4_second_exchange_of_the_same_code_fails PASSED [ 96%]
tests/test_task3_ropc_pkce.py::TestTask3PkceB5StateMismatch::test_b5_server_echoes_state_unaltered PASSED [ 98%]
tests/test_task3_ropc_pkce.py::TestTask3PkceB5StateMismatch::test_b5_client_side_mismatch_guard_present_and_precedes_token_exchange PASSED [100%]

============================== 55 passed in 6.62s ==============================
